<?xml version="1.0" encoding="UTF-8"?>
<!-- Generated by org.testng.reporters.JUnitReportReporter -->
<testsuite hostname="JK5P2H2" name="Yixin.Taoche.TestScripts.Index_Test" tests="1" failures="0" timestamp="15 Aug 2017 09:03:50 GMT" time="8.603" errors="1">
  <testcase name="QuickSearch" time="8.603" classname="Yixin.Taoche.TestScripts.Index_Test">
    <error type="org.openqa.selenium.WebDriverException" message="An unknown server-side error occurred while processing the command. (WARNING: The server did not provide any stacktrace information)
Command duration or timeout: 295 milliseconds
Build info: version: &#039;2.48.0&#039;, revision: &#039;b7b081a&#039;, time: &#039;2015-10-07 15:45:39&#039;
System info: host: &#039;JK5P2H2&#039;, ip: &#039;192.168.130.1&#039;, os.name: &#039;Windows 8&#039;, os.arch: &#039;amd64&#039;, os.version: &#039;6.2&#039;, java.version: &#039;1.7.0_21&#039;
*** Element info: {Using=xpath, value=//android.widget.TextView[@text=&#039;5-10万&#039;]}
Session ID: ad15376d-3e0e-42a8-871a-acbebfe78a4a
Driver info: io.appium.java_client.android.AndroidDriver
Capabilities [{platform=LINUX, app=C:\Users\maguanglu\git\Yixin_Taoche_APP\Yixin_Taoche_App\APK\taoche.apk, javascriptEnabled=true, appActivity=com.taoche.yixin.app.activity.home.AppstartActivity, browserName=Android, networkConnectionEnabled=true, noSign=true, desired={platformVersion=4.3, app=C:\Users\maguanglu\git\Yixin_Taoche_APP\Yixin_Taoche_App\APK\taoche.apk, restKeyboard=true, platformName=Android, deviceName=Q505T, appActivity=com.taoche.yixin.app.activity.home.AppstartActivity, appWaitActivity=com.taoche.yixin.app.activity.home.AppstartActivity, noSign=true, unicodeKeyboard=true, appPackage=com.taoche.yixin.app, noReset=true}, locationContextEnabled=false, appPackage=com.taoche.yixin.app, noReset=true, platformVersion=4.3, databaseEnabled=false, restKeyboard=true, platformName=Android, deviceName=Q505T, appWaitActivity=com.taoche.yixin.app.activity.home.AppstartActivity, webStorageEnabled=false, unicodeKeyboard=true, warnings={}, takesScreenshot=true}]">
      <![CDATA[org.openqa.selenium.WebDriverException: An unknown server-side error occurred while processing the command. (WARNING: The server did not provide any stacktrace information)
Command duration or timeout: 295 milliseconds
Build info: version: '2.48.0', revision: 'b7b081a', time: '2015-10-07 15:45:39'
System info: host: 'JK5P2H2', ip: '192.168.130.1', os.name: 'Windows 8', os.arch: 'amd64', os.version: '6.2', java.version: '1.7.0_21'
*** Element info: {Using=xpath, value=//android.widget.TextView[@text='5-10万']}
Session ID: ad15376d-3e0e-42a8-871a-acbebfe78a4a
Driver info: io.appium.java_client.android.AndroidDriver
Capabilities [{platform=LINUX, app=C:\Users\maguanglu\git\Yixin_Taoche_APP\Yixin_Taoche_App\APK\taoche.apk, javascriptEnabled=true, appActivity=com.taoche.yixin.app.activity.home.AppstartActivity, browserName=Android, networkConnectionEnabled=true, noSign=true, desired={platformVersion=4.3, app=C:\Users\maguanglu\git\Yixin_Taoche_APP\Yixin_Taoche_App\APK\taoche.apk, restKeyboard=true, platformName=Android, deviceName=Q505T, appActivity=com.taoche.yixin.app.activity.home.AppstartActivity, appWaitActivity=com.taoche.yixin.app.activity.home.AppstartActivity, noSign=true, unicodeKeyboard=true, appPackage=com.taoche.yixin.app, noReset=true}, locationContextEnabled=false, appPackage=com.taoche.yixin.app, noReset=true, platformVersion=4.3, databaseEnabled=false, restKeyboard=true, platformName=Android, deviceName=Q505T, appWaitActivity=com.taoche.yixin.app.activity.home.AppstartActivity, webStorageEnabled=false, unicodeKeyboard=true, warnings={}, takesScreenshot=true}]
	at sun.reflect.NativeConstructorAccessorImpl.newInstance0(Native Method)
	at sun.reflect.NativeConstructorAccessorImpl.newInstance(Unknown Source)
	at sun.reflect.DelegatingConstructorAccessorImpl.newInstance(Unknown Source)
	at java.lang.reflect.Constructor.newInstance(Unknown Source)
	at org.openqa.selenium.remote.ErrorHandler.createThrowable(ErrorHandler.java:206)
	at org.openqa.selenium.remote.ErrorHandler.throwIfResponseFailed(ErrorHandler.java:158)
	at org.openqa.selenium.remote.RemoteWebDriver.execute(RemoteWebDriver.java:647)
	at io.appium.java_client.AppiumDriver.execute(AppiumDriver.java:180)
	at org.openqa.selenium.remote.RemoteWebDriver.findElement(RemoteWebDriver.java:353)
	at org.openqa.selenium.remote.RemoteWebDriver.findElementByXPath(RemoteWebDriver.java:490)
	at org.openqa.selenium.By$ByXPath.findElement(By.java:361)
	at org.openqa.selenium.remote.RemoteWebDriver.findElement(RemoteWebDriver.java:345)
	at Yixin.Taoche.TestScripts.Index_Test.QuickSearch(Index_Test.java:51)
	at sun.reflect.NativeMethodAccessorImpl.invoke0(Native Method)
	at sun.reflect.NativeMethodAccessorImpl.invoke(Unknown Source)
	at sun.reflect.DelegatingMethodAccessorImpl.invoke(Unknown Source)
	at java.lang.reflect.Method.invoke(Unknown Source)
	at org.testng.internal.MethodInvocationHelper.invokeMethod(MethodInvocationHelper.java:85)
	at org.testng.internal.Invoker.invokeMethod(Invoker.java:639)
	at org.testng.internal.Invoker.invokeTestMethod(Invoker.java:816)
	at org.testng.internal.Invoker.invokeTestMethods(Invoker.java:1124)
	at org.testng.internal.TestMethodWorker.invokeTestMethods(TestMethodWorker.java:125)
	at org.testng.internal.TestMethodWorker.run(TestMethodWorker.java:108)
	at org.testng.TestRunner.privateRun(TestRunner.java:774)
	at org.testng.TestRunner.run(TestRunner.java:624)
	at org.testng.SuiteRunner.runTest(SuiteRunner.java:359)
	at org.testng.SuiteRunner.runSequentially(SuiteRunner.java:354)
	at org.testng.SuiteRunner.privateRun(SuiteRunner.java:312)
	at org.testng.SuiteRunner.run(SuiteRunner.java:261)
	at org.testng.SuiteRunnerWorker.runSuite(SuiteRunnerWorker.java:52)
	at org.testng.SuiteRunnerWorker.run(SuiteRunnerWorker.java:86)
	at org.testng.TestNG.runSuitesSequentially(TestNG.java:1191)
	at org.testng.TestNG.runSuitesLocally(TestNG.java:1116)
	at org.testng.TestNG.run(TestNG.java:1024)
	at org.testng.remote.RemoteTestNG.run(RemoteTestNG.java:112)
	at org.testng.remote.RemoteTestNG.initAndRun(RemoteTestNG.java:205)
	at org.testng.remote.RemoteTestNG.main(RemoteTestNG.java:176)
]]>
    </error>
  </testcase> <!-- QuickSearch -->
</testsuite> <!-- Yixin.Taoche.TestScripts.Index_Test -->
