<?xml version="1.0" encoding="UTF-8"?>
<!-- Generated by org.testng.reporters.JUnitReportReporter -->
<testsuite hostname="JK5P2H2" name="Yixin.Taoche.TestScripts.OldCarListPage_Test" tests="1" failures="0" timestamp="18 Aug 2017 06:58:10 GMT" time="10.455" errors="0">
  <testcase name="OldCarList" time="10.455" classname="Yixin.Taoche.TestScripts.OldCarListPage_Test"/>
</testsuite> <!-- Yixin.Taoche.TestScripts.OldCarListPage_Test -->
