<?xml version="1.0" encoding="UTF-8"?>
<!-- Generated by org.testng.reporters.JUnitReportReporter -->
<testsuite hostname="JK5P2H2" name="Yixin.Taoche.TestScripts.Startup_Test" tests="1" failures="0" timestamp="15 Aug 2017 03:14:38 GMT" time="40.276" errors="0">
  <testcase name="Test_Startup" time="40.276" classname="Yixin.Taoche.TestScripts.Startup_Test"/>
</testsuite> <!-- Yixin.Taoche.TestScripts.Startup_Test -->
